CRITICAL - 2025-04-21 20:38:24 --> ErrorException: Undefined variable $titulo
[Method: GET, Route: nosotros]
in APPPATH\Views\plantillas\header_view.php on line 7.
 1 APPPATH\Views\plantillas\header_view.php(7): CodeIgniter\Debug\Exceptions->errorHandler(2, 'Undefined variable $titulo', 'C:\\xampp\\htdocs\\proyecto_integrador2025\\app\\Views\\plantillas\\header_view.php', 7)
 2 SYSTEMPATH\View\View.php(224): include('C:\\xampp\\htdocs\\proyecto_integrador2025\\app\\Views\\plantillas\\header_view.php')
 3 SYSTEMPATH\View\View.php(227): CodeIgniter\View\View->CodeIgniter\View\{closure}()
 4 SYSTEMPATH\Common.php(1173): CodeIgniter\View\View->render('plantillas/header_view.php', [], true)
 5 APPPATH\Controllers\Home.php(15): view('plantillas/header_view.php')
 6 SYSTEMPATH\CodeIgniter.php(933): App\Controllers\Home->quienesSomos()
 7 SYSTEMPATH\CodeIgniter.php(507): CodeIgniter\CodeIgniter->runController(Object(App\Controllers\Home))
 8 SYSTEMPATH\CodeIgniter.php(354): CodeIgniter\CodeIgniter->handleRequest(null, Object(Config\Cache), false)
 9 SYSTEMPATH\Boot.php(334): CodeIgniter\CodeIgniter->run()
10 SYSTEMPATH\Boot.php(67): CodeIgniter\Boot::runCodeIgniter(Object(CodeIgniter\CodeIgniter))
11 FCPATH\index.php(56): CodeIgniter\Boot::bootWeb(Object(Config\Paths))
CRITICAL - 2025-04-21 20:39:32 --> ErrorException: Undefined variable $titulo
[Method: GET, Route: nosotros]
in APPPATH\Views\plantillas\header_view.php on line 7.
 1 APPPATH\Views\plantillas\header_view.php(7): CodeIgniter\Debug\Exceptions->errorHandler(2, 'Undefined variable $titulo', 'C:\\xampp\\htdocs\\proyecto_integrador2025\\app\\Views\\plantillas\\header_view.php', 7)
 2 SYSTEMPATH\View\View.php(224): include('C:\\xampp\\htdocs\\proyecto_integrador2025\\app\\Views\\plantillas\\header_view.php')
 3 SYSTEMPATH\View\View.php(227): CodeIgniter\View\View->CodeIgniter\View\{closure}()
 4 SYSTEMPATH\Common.php(1173): CodeIgniter\View\View->render('plantillas/header_view.php', [], true)
 5 APPPATH\Controllers\Home.php(15): view('plantillas/header_view.php')
 6 SYSTEMPATH\CodeIgniter.php(933): App\Controllers\Home->quienesSomos()
 7 SYSTEMPATH\CodeIgniter.php(507): CodeIgniter\CodeIgniter->runController(Object(App\Controllers\Home))
 8 SYSTEMPATH\CodeIgniter.php(354): CodeIgniter\CodeIgniter->handleRequest(null, Object(Config\Cache), false)
 9 SYSTEMPATH\Boot.php(334): CodeIgniter\CodeIgniter->run()
10 SYSTEMPATH\Boot.php(67): CodeIgniter\Boot::runCodeIgniter(Object(CodeIgniter\CodeIgniter))
11 FCPATH\index.php(56): CodeIgniter\Boot::bootWeb(Object(Config\Paths))
CRITICAL - 2025-04-21 20:39:46 --> ErrorException: Undefined variable $titulo
[Method: GET, Route: nosotros]
in APPPATH\Views\plantillas\header_view.php on line 7.
 1 APPPATH\Views\plantillas\header_view.php(7): CodeIgniter\Debug\Exceptions->errorHandler(2, 'Undefined variable $titulo', 'C:\\xampp\\htdocs\\proyecto_integrador2025\\app\\Views\\plantillas\\header_view.php', 7)
 2 SYSTEMPATH\View\View.php(224): include('C:\\xampp\\htdocs\\proyecto_integrador2025\\app\\Views\\plantillas\\header_view.php')
 3 SYSTEMPATH\View\View.php(227): CodeIgniter\View\View->CodeIgniter\View\{closure}()
 4 SYSTEMPATH\Common.php(1173): CodeIgniter\View\View->render('plantillas/header_view.php', [], true)
 5 APPPATH\Controllers\Home.php(15): view('plantillas/header_view.php')
 6 SYSTEMPATH\CodeIgniter.php(933): App\Controllers\Home->quienesSomos()
 7 SYSTEMPATH\CodeIgniter.php(507): CodeIgniter\CodeIgniter->runController(Object(App\Controllers\Home))
 8 SYSTEMPATH\CodeIgniter.php(354): CodeIgniter\CodeIgniter->handleRequest(null, Object(Config\Cache), false)
 9 SYSTEMPATH\Boot.php(334): CodeIgniter\CodeIgniter->run()
10 SYSTEMPATH\Boot.php(67): CodeIgniter\Boot::runCodeIgniter(Object(CodeIgniter\CodeIgniter))
11 FCPATH\index.php(56): CodeIgniter\Boot::bootWeb(Object(Config\Paths))
CRITICAL - 2025-04-21 20:40:09 --> ErrorException: Undefined variable $titulo
[Method: GET, Route: nosotros]
in APPPATH\Views\plantillas\header_view.php on line 7.
 1 APPPATH\Views\plantillas\header_view.php(7): CodeIgniter\Debug\Exceptions->errorHandler(2, 'Undefined variable $titulo', 'C:\\xampp\\htdocs\\proyecto_integrador2025\\app\\Views\\plantillas\\header_view.php', 7)
 2 SYSTEMPATH\View\View.php(224): include('C:\\xampp\\htdocs\\proyecto_integrador2025\\app\\Views\\plantillas\\header_view.php')
 3 SYSTEMPATH\View\View.php(227): CodeIgniter\View\View->CodeIgniter\View\{closure}()
 4 SYSTEMPATH\Common.php(1173): CodeIgniter\View\View->render('plantillas/header_view.php', [], true)
 5 APPPATH\Controllers\Home.php(15): view('plantillas/header_view.php')
 6 SYSTEMPATH\CodeIgniter.php(933): App\Controllers\Home->quienesSomos()
 7 SYSTEMPATH\CodeIgniter.php(507): CodeIgniter\CodeIgniter->runController(Object(App\Controllers\Home))
 8 SYSTEMPATH\CodeIgniter.php(354): CodeIgniter\CodeIgniter->handleRequest(null, Object(Config\Cache), false)
 9 SYSTEMPATH\Boot.php(334): CodeIgniter\CodeIgniter->run()
10 SYSTEMPATH\Boot.php(67): CodeIgniter\Boot::runCodeIgniter(Object(CodeIgniter\CodeIgniter))
11 FCPATH\index.php(56): CodeIgniter\Boot::bootWeb(Object(Config\Paths))
